<?xml version='1.0' encoding='UTF-8'?>
<testsuite hostname="pop-os" name="TwoferTest" tests="3" errors="0" failures="0" skipped="2" time="0.013" timestamp="2024-12-25T21:31:59">
          <properties>
[...]
</properties>
          <testcase classname="TwoferTest" name="no name given" time="0.011">
                      
                    </testcase><testcase classname="TwoferTest" name="a name given" time="0.001">
                      <skipped/>
                    </testcase><testcase classname="TwoferTest" name="another name given" time="0.001">
                      <skipped/>
                    </testcase>
          <system-out><![CDATA[]]></system-out>
          <system-err><![CDATA[]]></system-err>
        </testsuite>