<?xml version='1.0' encoding='UTF-8'?>
<testsuite hostname="pop-os" name="BobTest" tests="25" errors="0" failures="0" skipped="0" time="0.013" timestamp="2024-12-26T20:36:07">
          <properties>
[...]
</properties>
          <testcase classname="BobTest" name="stating something" time="0.011">
                      
                    </testcase><testcase classname="BobTest" name="shouting" time="0.0">
                      
                    </testcase><testcase classname="BobTest" name="shouting gibberish" time="0.0">
                      
                    </testcase><testcase classname="BobTest" name="asking a question" time="0.0">
                      
                    </testcase><testcase classname="BobTest" name="asking a numeric question" time="0.0">
                      
                    </testcase><testcase classname="BobTest" name="asking gibberish" time="0.0">
                      
                    </testcase><testcase classname="BobTest" name="talking forcefully" time="0.0">
                      
                    </testcase><testcase classname="BobTest" name="using acronyms in regular speech" time="0.0">
                      
                    </testcase><testcase classname="BobTest" name="forceful question" time="0.0">
                      
                    </testcase><testcase classname="BobTest" name="shouting numbers" time="0.001">
                      
                    </testcase><testcase classname="BobTest" name="no letters" time="0.0">
                      
                    </testcase><testcase classname="BobTest" name="question with no letters" time="0.001">
                      
                    </testcase><testcase classname="BobTest" name="shouting with special characters" time="0.0">
                      
                    </testcase><testcase classname="BobTest" name="shouting with no exclamation mark" time="0.0">
                      
                    </testcase><testcase classname="BobTest" name="statement containing question mark" time="0.0">
                      
                    </testcase><testcase classname="BobTest" name="non-letters with question" time="0.0">
                      
                    </testcase><testcase classname="BobTest" name="prattling on" time="0.0">
                      
                    </testcase><testcase classname="BobTest" name="silence" time="0.0">
                      
                    </testcase><testcase classname="BobTest" name="prolonged silence" time="0.0">
                      
                    </testcase><testcase classname="BobTest" name="alternate silence" time="0.0">
                      
                    </testcase><testcase classname="BobTest" name="multiple line question" time="0.0">
                      
                    </testcase><testcase classname="BobTest" name="starting with whitespace" time="0.0">
                      
                    </testcase><testcase classname="BobTest" name="ending with whitespace" time="0.0">
                      
                    </testcase><testcase classname="BobTest" name="other whitespace" time="0.0">
                      
                    </testcase><testcase classname="BobTest" name="non-question ending with whitespace" time="0.0">
                      
                    </testcase>
          <system-out><![CDATA[]]></system-out>
          <system-err><![CDATA[]]></system-err>
        </testsuite>