<?xml version='1.0' encoding='UTF-8'?>
<testsuite hostname="pop-os" name="SecretHandshakeTest" tests="11" errors="0" failures="0" skipped="0" time="0.016" timestamp="2025-01-15T21:59:45">
          <properties>
[...]
</properties>
          <testcase classname="SecretHandshakeTest" name="wink for 1" time="0.014">
                      
                    </testcase><testcase classname="SecretHandshakeTest" name="double blink for 10" time="0.001">
                      
                    </testcase><testcase classname="SecretHandshakeTest" name="close your eyes for 100" time="0.0">
                      
                    </testcase><testcase classname="SecretHandshakeTest" name="jump for 1000" time="0.0">
                      
                    </testcase><testcase classname="SecretHandshakeTest" name="combine two actions" time="0.001">
                      
                    </testcase><testcase classname="SecretHandshakeTest" name="reverse two actions" time="0.0">
                      
                    </testcase><testcase classname="SecretHandshakeTest" name="reversing one action gives the same action" time="0.0">
                      
                    </testcase><testcase classname="SecretHandshakeTest" name="reversing no actions still gives no actions" time="0.0">
                      
                    </testcase><testcase classname="SecretHandshakeTest" name="all possible actions" time="0.0">
                      
                    </testcase><testcase classname="SecretHandshakeTest" name="reverse all possible actions" time="0.0">
                      
                    </testcase><testcase classname="SecretHandshakeTest" name="do nothing for zero" time="0.0">
                      
                    </testcase>
          <system-out><![CDATA[]]></system-out>
          <system-err><![CDATA[]]></system-err>
        </testsuite>